[INFO][AppLauncher]: Using device: cuda:0
[INFO][AppLauncher]: Loading experience file: C:\Users\hasaki\Desktop\25_physic_hoi\isaaclab\apps\isaaclab.python.kit
[Warning] [simulation_app.simulation_app] Modules: ['omni.kit_app'] were loaded before SimulationApp was started and might not be loaded correctly.
[Warning] [simulation_app.simulation_app] Please check to make sure no extra omniverse or pxr modules are imported before the call to SimulationApp(...)
Loading user config located at: 'd:/miniconda3/envs/env_isaaclab/lib/site-packages/omni/data/Kit/Isaac-Sim/4.5/user.config.json'
[Info] [carb] Logging to file: d:/miniconda3/envs/env_isaaclab/lib/site-packages/omni/logs/Kit/Isaac-Sim/4.5/kit_20250703_162801.log
2025-07-03 08:28:01 [0ms] [Warning] [omni.kit.app.plugin] No crash reporter present, dumps uploading isn't available.
2025-07-03 08:28:01 [24ms] [Warning] [omni.ext.plugin] [ext: rendering_modes] Extensions config 'extension.toml' doesn't exist 'c:/users/hasaki/desktop/25_physic_hoi/isaaclab/apps/rendering_modes' or 'c:/users/hasaki/desktop/25_physic_hoi/isaaclab/apps/rendering_modes/config'
[0.185s] [ext: omni.kit.async_engine-0.0.1] startup
[0.471s] [ext: omni.metrics.core-0.0.1] startup
[0.472s] [ext: omni.client.lib-1.0.0] startup
[0.577s] [ext: omni.blobkey-1.1.2] startup
[0.578s] [ext: omni.stats-1.0.1] startup
[0.581s] [ext: omni.datastore-0.0.0] startup
[0.583s] [ext: omni.client-1.2.2] startup
[0.594s] [ext: omni.ujitso.default-1.0.0] startup
[0.598s] [ext: omni.hsscclient-1.1.1] startup
2025-07-03 08:28:01 [521ms] [Warning] [omni.datastore] OmniHub is inaccessible
[0.623s] [ext: omni.gpu_foundation.shadercache.vulkan-1.0.0] startup
[0.629s] [ext: omni.assets.plugins-0.0.0] startup
[0.634s] [ext: omni.gpu_foundation-0.0.0] startup
[0.662s] [ext: carb.windowing.plugins-1.0.0] startup
[0.793s] [ext: omni.kit.renderer.init-0.0.0] startup
[0.795s] [ext: omni.kit.pipapi-0.0.0] startup
[0.797s] [ext: omni.materialx.libs-1.0.6] startup
[0.867s] [ext: omni.kit.pip_archive-0.0.0] startup
[0.868s] [ext: omni.usd.config-1.0.5] startup
[0.919s] [ext: omni.gpucompute.plugins-0.0.0] startup
[0.922s] [ext: omni.usd.libs-1.0.1] startup
[1.121s] [ext: omni.mdl-55.0.1] startup
[1.163s] [ext: omni.iray.libs-0.0.0] startup
[1.198s] [ext: omni.mdl.neuraylib-0.2.10] startup
[1.205s] [ext: omni.kit.usd.mdl-1.0.7] startup
[1.554s] [ext: omni.kit.loop-isaac-1.2.1] startup
[1.558s] [ext: omni.kit.test-1.1.2] startup
[1.660s] [ext: omni.kit.telemetry-0.5.1] startup
[1.675s] [ext: omni.appwindow-1.1.9] startup
[1.701s] [ext: omni.kit.renderer.core-1.0.2] startup
[1.710s] [ext: omni.kit.renderer.capture-0.0.0] startup
[1.719s] [ext: omni.kit.renderer.imgui-1.0.2] startup
[1.742s] [ext: omni.ui-2.26.5] startup
[1.762s] [ext: omni.kit.mainwindow-1.0.3] startup
[1.767s] [ext: carb.audio-0.1.0] startup
[1.769s] [ext: omni.uiaudio-1.0.0] startup
[1.774s] [ext: omni.kit.uiapp-0.0.0] startup
[1.774s] [ext: omni.usd.schema.metrics.assembler-106.5.0] startup
[1.792s] [ext: isaacsim.robot.schema-3.1.2] startup

|---------------------------------------------------------------------------------------------|
| Driver Version: 560.94        | Graphics API: Vulkan
|=============================================================================================|
| GPU | Name                             | Active | LDA | GPU Memory | Vendor-ID | LUID       |
|     |                                  |        |     |            | Device-ID | UUID       |
|     |                                  |        |     |            | Bus-ID    |            |
|---------------------------------------------------------------------------------------------|
| 0   | NVIDIA GeForce RTX 3080          | Yes: 0 |     | 10267   MB | 10de      | f53d0100.. |
|     |                                  |        |     |            | 2216      | b14f4910.. |
|     |                                  |        |     |            | 1         |            |
|=============================================================================================|
| OS: Windows 11 Pro, Version: 10.0 (23H2), Build: 22631, Kernel: 10.0.22621.5331
| Processor: Intel(R) Core(TM) i5-10600KF CPU @ 4.10GHz
| Cores: 6 | Logical Cores: 12
|---------------------------------------------------------------------------------------------|
| Total Memory (MB): 32706 | Free Memory: 19472
| Total Page/Swap (MB): 49090 | Free Page/Swap: 26539
|---------------------------------------------------------------------------------------------|
[1.838s] [ext: omni.usd.schema.omnigraph-1.0.0] startup
[1.857s] [ext: omni.usd.schema.audio-0.0.0] startup
[1.872s] [ext: omni.usd.schema.omniscripting-1.0.0] startup
[1.889s] [ext: omni.usd.schema.anim-0.0.0] startup
[1.952s] [ext: omni.usd.schema.forcefield-106.5.7] startup
[1.982s] [ext: omni.usd.schema.physx-106.5.7] startup
[2.019s] [ext: omni.usd.schema.semantics-0.0.0] startup
[2.033s] [ext: omni.usd.schema.geospatial-0.0.0] startup
[2.047s] [ext: omni.kit.window.popup_dialog-2.0.24] startup
[2.055s] [ext: omni.resourcemonitor-107.0.0] startup
[2.061s] [ext: omni.activity.core-1.0.1] startup
[2.066s] [ext: omni.timeline-1.0.11] startup
[2.071s] [ext: omni.usd_resolver-1.0.0] startup
[2.080s] [ext: omni.kit.widget.nucleus_connector-1.1.10] startup
[2.085s] [ext: usdrt.scenegraph-7.5.1] startup
[2.157s] [ext: omni.usd.core-1.4.2] startup
[2.159s] [ext: omni.kit.usd_undo-0.1.8] startup
[2.160s] [ext: omni.graph.exec-0.9.4] startup
[2.162s] [ext: omni.kit.actions.core-1.0.0] startup
[2.168s] [ext: omni.kit.audiodeviceenum-1.0.1] startup
[2.174s] [ext: omni.kit.exec.core-0.13.4] startup
[2.181s] [ext: omni.kit.commands-1.4.9] startup
[2.190s] [ext: omni.hydra.usdrt_delegate-7.5.1] startup
[2.207s] [ext: omni.hydra.scene_delegate-0.3.3] startup
[2.210s] [ext: omni.usd-1.12.4] startup
[2.293s] [ext: omni.kit.asset_converter-2.8.3] startup
[2.304s] [ext: omni.volume-0.5.0] startup
[2.310s] [ext: omni.ujitso.processor.texture-1.0.0] startup
[2.314s] [ext: omni.index.libs-380600.1777.0] startup
[2.314s] [ext: omni.ujitso.client-0.0.0] startup
[2.315s] [ext: omni.index-1.0.1] startup
[2.317s] [ext: omni.hydra.rtx.shadercache.vulkan-1.0.0] startup
[2.322s] [ext: omni.ui.scene-1.11.2] startup
[2.329s] [ext: omni.hydra.rtx-1.0.0] startup
[2.366s] [ext: omni.kit.menu.core-1.1.2] startup
[2.368s] [ext: omni.kit.viewport.scene_camera_model-1.0.5] startup
[2.371s] [ext: omni.kit.hydra_texture-1.4.0] startup
[2.376s] [ext: omni.kit.menu.utils-1.7.7] startup
[2.391s] [ext: omni.kit.widget.viewport-107.0.7] startup
[2.407s] [ext: omni.kit.viewport.registry-104.0.6] startup
[2.408s] [ext: omni.kit.clipboard-1.0.5] startup
[2.411s] [ext: omni.kit.notification_manager-1.0.9] startup
[2.415s] [ext: omni.kit.helper.file_utils-0.1.9] startup
[2.418s] [ext: omni.kit.widget.path_field-2.0.11] startup
[2.420s] [ext: omni.kit.widget.options_menu-1.1.6] startup
[2.428s] [ext: omni.kit.widget.context_menu-1.2.4] startup
[2.430s] [ext: omni.kit.widget.filebrowser-2.10.52] startup
[2.439s] [ext: omni.kit.widget.browser_bar-2.0.10] startup
[2.441s] [ext: omni.kit.viewport.legacy_gizmos-1.0.16] startup
[2.444s] [ext: omni.kit.widget.options_button-1.0.3] startup
[2.445s] [ext: omni.kit.widget.searchable_combobox-1.0.6] startup
[2.448s] [ext: omni.kit.usd.layers-2.2.0] startup
[2.460s] [ext: omni.kit.window.filepicker-2.11.7] startup
[2.484s] [ext: omni.kit.widget.settings-1.2.2] startup
[2.487s] [ext: omni.kit.context_menu-1.8.3] startup
[2.491s] [ext: omni.kit.window.file_importer-1.1.14] startup
[2.498s] [ext: omni.kit.window.preferences-1.7.0] startup
[2.507s] [ext: omni.kit.window.drop_support-1.0.4] startup
[2.509s] [ext: omni.kit.raycast.query-1.0.5] startup
[2.515s] [ext: omni.kit.material.library-1.5.15] startup
[2.527s] [ext: omni.hydra.engine.stats-1.0.3] startup
[2.530s] [ext: isaacsim.core.throttling-2.0.2] startup
[2.531s] [ext: omni.kit.viewport.window-107.0.8] startup
[2.859s] [ext: omni.inspect-1.0.1] startup
[2.864s] [ext: omni.kit.widget.filter-1.1.4] startup
[2.866s] [ext: omni.graph.core-2.181.8] startup
[2.871s] [ext: omni.kit.window.content_browser_registry-0.0.6] startup
[2.872s] [ext: isaacsim.core.deprecation_manager-0.2.2] startup
[2.874s] [ext: omni.kvdb-106.5.7] startup
[2.880s] [ext: omni.kit.viewport.utility-1.0.18] startup
[2.881s] [ext: omni.kit.selection-0.1.5] startup
[2.884s] [ext: omni.kit.window.file_exporter-1.0.31] startup
[2.886s] [ext: omni.kit.stage_template.core-1.1.22] startup
[2.888s] [ext: isaacsim.core.version-2.0.2] startup
[2.890s] [ext: omni.localcache-106.5.7] startup
[2.895s] [ext: omni.kit.menu.edit-1.1.25] startup
[2.902s] [ext: omni.usdphysics-106.5.7] startup
[2.904s] [ext: omni.kit.window.file-1.3.57] startup
[2.912s] [ext: omni.kit.hotkeys.core-1.3.10] startup
[2.914s] [ext: isaacsim.app.about-2.0.7] startup
[2.923s] [ext: omni.kit.window.content_browser-2.10.3] startup
2025-07-03 08:28:04 [2,849ms] [Warning] [omni.ext._impl._internal] Found class `WrappedClass` derived from `omni.ext.IExt` in module: 'omni.kit.window.content_browser', but it was imported from other extension: 'D:\miniconda3\envs\env_isaaclab\Lib\site-packages\omni\kernel\py\omni\kit\app\_impl\__init__.py', which is not a subpath to: 'd:\miniconda3\envs\env_isaaclab\lib\site-packages\isaacsim\extscache\omni.kit.window.content_browser-2.10.3+d02c707b'. Do not import `IExt` derived class from other extension in your public namespace.
[2.951s] [ext: omni.convexdecomposition-106.5.7] startup
[2.958s] [ext: omni.kit.widget.highlight_label-1.0.3] startup
[2.960s] [ext: omni.kit.widget.searchfield-1.1.8] startup
[2.963s] [ext: omni.kit.property.adapter.core-1.0.2] startup
[2.971s] [ext: omni.physx.foundation-106.5.7] startup
[3.016s] [ext: omni.kit.window.property-1.11.5] startup
[3.021s] [ext: omni.kit.widget.stage-2.11.6] startup
[3.053s] [ext: omni.kit.property.adapter.usd-1.0.2] startup
[3.056s] [ext: omni.kit.property.adapter.fabric-1.0.3] startup
[3.059s] [ext: omni.physx.cooking-106.5.7] startup
[3.065s] [ext: omni.kit.property.usd-4.2.16] startup
[3.082s] [ext: omni.physx-106.5.7] startup
[3.098s] [ext: isaacsim.gui.property-1.0.4] startup
[3.101s] [ext: omni.physx.stageupdate-106.5.7] startup
[3.108s] [ext: omni.kit.numpy.common-0.1.2] startup
[3.111s] [ext: omni.physics.tensors-106.5.7] startup
[3.121s] [ext: omni.warp.core-1.5.0] startup
[3.334s] [ext: omni.isaac.dynamic_control-1.3.15] startup
2025-07-03 08:28:04 [3,265ms] [Warning] [omni.isaac.dynamic_control] omni.isaac.dynamic_control is deprecated as of Isaac Sim 4.5. No action is needed from end-users.
[3.346s] [ext: isaacsim.storage.native-1.0.6] startup
[3.349s] [ext: omni.physx.tensors-106.5.7] startup
[3.354s] [ext: isaacsim.core.utils-2.2.8] startup
[3.358s] [ext: semantics.schema.editor-0.3.10] startup
[3.364s] [ext: isaacsim.core.simulation_manager-0.3.3] startup
[3.847s] [ext: semantics.schema.property-1.0.5] startup
[3.850s] [ext: isaacsim.core.cloner-1.3.4] startup
[3.851s] [ext: omni.sensors.nv.common-2.5.0-coreapi] startup
[3.918s] [ext: omni.graph.tools-1.79.1] startup
[3.961s] [ext: omni.sensors.nv.materials-1.4.0-coreapi] startup
[3.974s] [ext: omni.graph-1.140.2] startup
[4.044s] [ext: omni.kit.manipulator.viewport-107.0.1] startup
[4.047s] [ext: omni.sensors.nv.ids-1.4.0-coreapi] startup
[4.053s] [ext: omni.sensors.nv.lidar-2.6.3-coreapi] startup
[4.064s] [ext: omni.graph.visualization.nodes-2.1.1] startup
[4.078s] [ext: omni.kit.widget.graph-1.12.17] startup
[4.098s] [ext: omni.ui_query-1.1.7] startup
[4.100s] [ext: omni.kit.widget.text_editor-1.0.2] startup
[4.103s] [ext: omni.kit.graph.delegate.default-1.2.2] startup
[4.111s] [ext: omni.kit.ui_test-1.3.3] startup
[4.120s] [ext: omni.graph.scriptnode-1.40.1] startup
[4.125s] [ext: omni.kit.graph.editor.core-1.5.3] startup
[4.135s] [ext: omni.kit.graph.usd.commands-1.3.1] startup
[4.139s] [ext: omni.kit.widget.material_preview-1.0.16] startup
[4.145s] [ext: omni.graph.action_core-1.1.7] startup
[4.151s] [ext: omni.graph.image.core-0.6.0] startup
[4.156s] [ext: omni.kit.window.material_graph-1.8.19] startup
[4.210s] [ext: omni.graph.action_nodes-1.40.1] startup
[4.217s] [ext: omni.graph.image.nodes-1.3.0] startup
[4.220s] [ext: omni.kit.viewport.menubar.core-107.1.2] startup
[4.264s] [ext: omni.kit.primitive.mesh-1.0.17] startup
[4.273s] [ext: omni.graph.action-1.120.0] startup
[4.275s] [ext: omni.graph.nodes-1.162.1] startup
[4.294s] [ext: omni.syntheticdata-0.6.10] startup
[4.323s] [ext: omni.kit.stage_templates-1.2.6] startup
[4.334s] [ext: isaacsim.core.prims-0.3.7] startup
[4.389s] [ext: omni.warp-1.5.0] startup
[4.416s] [ext: omni.kit.window.extensions-1.4.25] startup
[4.449s] [ext: omni.sensors.nv.wpm-2.4.0-coreapi] startup
[4.456s] [ext: isaacsim.core.api-4.2.16] startup
[4.480s] [ext: omni.replicator.core-1.11.35] startup
2025-07-03 08:28:05 [4,599ms] [Warning] [omni.replicator.core.scripts.extension] No material configuration file, adding configuration to material settings directly.
[4.684s] [ext: isaacsim.gui.components-1.0.9] startup
[4.700s] [ext: omni.sensors.nv.radar-2.6.1-coreapi] startup
[4.724s] [ext: omni.kit.widget.prompt-1.0.7] startup
[4.727s] [ext: isaacsim.core.nodes-2.1.4] startup
[4.740s] [ext: isaacsim.robot.surface_gripper-2.0.6] startup
[4.749s] [ext: isaacsim.util.debug_draw-2.0.2] startup
[4.763s] [ext: omni.sensors.tiled-0.0.6] startup
[4.768s] [ext: omni.kit.tool.asset_importer-2.12.2] startup
[4.793s] [ext: omni.kit.menu.create-1.0.17] startup
[4.799s] [ext: isaacsim.robot.manipulators-3.0.4] startup
[4.812s] [ext: isaacsim.sensors.physx-2.2.4] startup
[4.825s] [ext: isaacsim.sensors.rtx-13.6.3] startup
[4.845s] [ext: isaacsim.asset.importer.mjcf-2.3.3] startup
[5.187s] [ext: omni.anim.curve.core-1.2.0] startup
[5.203s] [ext: omni.kit.scripting-106.5.2] startup
[5.215s] [ext: omni.graph.ui_nodes-1.40.1] startup
[5.222s] [ext: omni.kit.manipulator.transform-106.0.1] startup
[5.237s] [ext: omni.kit.widget.toolbar-1.7.3] startup
[5.260s] [ext: omni.kit.manipulator.camera-106.0.3] startup
[5.267s] [ext: isaacsim.replicator.behavior-1.0.8] startup
[5.270s] [ext: isaacsim.simulation_app-2.4.2] startup
[5.272s] [ext: omni.kit.manipulator.selector-1.1.1] startup
[5.275s] [ext: omni.kit.manipulator.tool.snap-1.5.12] startup
[5.295s] [ext: omni.kit.widget.stage_icons-1.0.6] startup
[5.301s] [ext: omni.kit.menu.file-1.1.15] startup
[5.308s] [ext: omni.physx.commands-106.5.7] startup
[5.314s] [ext: omni.kit.widget.layers-1.8.2] startup
[5.346s] [ext: omni.kit.viewport.manipulator.transform-107.0.4] startup
[5.360s] [ext: omni.kit.window.stage-2.5.11] startup
[5.373s] [ext: omni.fabric.commands-1.1.5] startup
[5.381s] [ext: omni.kit.property.audio-1.0.16] startup
[5.385s] [ext: omni.kit.usd.collect-2.2.22] startup
[5.392s] [ext: omni.kit.stagerecorder.core-105.0.5] startup
[5.400s] [ext: omni.kit.manipulator.prim.core-107.0.7] startup
[5.419s] [ext: omni.kit.menu.stage-1.2.5] startup
[5.423s] [ext: omni.kit.property.geometry-1.3.3] startup
[5.430s] [ext: omni.kit.manipulator.prim.fabric-107.0.4] startup
[5.433s] [ext: omni.kit.manipulator.prim.usd-107.0.3] startup
[5.437s] [ext: omni.kit.property.render-1.1.3] startup
[5.440s] [ext: omni.kit.widget.zoombar-1.0.5] startup
[5.444s] [ext: omni.kit.viewport.actions-107.0.0] startup
[5.453s] [ext: omni.hydra.scene_api-0.1.2] startup
[5.458s] [ext: omni.debugdraw-0.1.3] startup
[5.463s] [ext: omni.kit.manipulator.prim-107.0.0] startup
[5.464s] [ext: omni.kit.manipulator.selection-106.0.1] startup
[5.466s] [ext: omni.kit.browser.core-2.3.11] startup
[5.475s] [ext: omni.kit.viewport.menubar.display-107.0.3] startup
[5.479s] [ext: omni.kit.property.transform-1.5.10] startup
[5.486s] [ext: omni.kit.property.material-1.10.17] startup
[5.501s] [ext: omni.kit.property.light-1.0.11] startup
[5.505s] [ext: omni.kit.property.camera-1.0.9] startup
[5.508s] [ext: omni.kit.browser.folder.core-1.10.1] startup
[5.520s] [ext: omni.usdphysics.ui-106.5.7] startup
[5.546s] [ext: omni.kit.property.bundle-1.3.2] startup
[5.551s] [ext: omni.kit.tool.collect-2.2.16] startup
[5.557s] [ext: omni.kit.stagerecorder.ui-105.0.6] startup
[5.564s] [ext: isaacsim.sensors.physics-0.3.5] startup
[5.573s] [ext: isaacsim.examples.browser-0.1.8] startup
[5.582s] [ext: omni.physx.ui-106.5.7] startup
[5.636s] [ext: omni.kit.viewport.menubar.camera-107.0.2] startup
[5.648s] [ext: omni.kit.stagerecorder.bundle-105.0.2] startup
[5.649s] [ext: isaacsim.robot.policy.examples-4.0.3] startup
[5.653s] [ext: isaacsim.asset.importer.urdf-2.3.10] startup
[5.689s] [ext: omni.kit.viewport.menubar.lighting-106.0.2] startup
[5.696s] [ext: omni.physx.demos-106.5.7] startup
[5.751s] [ext: omni.kit.property.physx-106.5.7] startup
[5.798s] [ext: omni.kit.viewport.menubar.render-107.0.8] startup
[5.806s] [ext: omni.kit.window.toolbar-1.6.2] startup
[5.811s] [ext: isaacsim.robot.wheeled_robots-4.0.3] startup
[5.827s] [ext: omni.physx.vehicle-106.5.7] startup
[5.868s] [ext: omni.physx.graph-106.5.7] startup
[5.886s] [ext: omni.physx.supportui-106.5.7] startup
[5.917s] [ext: omni.physx.telemetry-106.5.7] startup
[5.930s] [ext: omni.physx.camera-106.5.7] startup
[5.955s] [ext: omni.physx.cct-106.5.7] startup
[5.983s] [ext: omni.rtx.window.settings-0.6.17] startup
[6.000s] [ext: omni.usd.metrics.assembler-106.5.0] startup
[6.014s] [ext: omni.kit.window.status_bar-0.1.7] startup
[6.025s] [ext: omni.kit.viewport.menubar.settings-107.0.3] startup
[6.042s] [ext: omni.physx.bundle-106.5.7] startup
[6.043s] [ext: omni.replicator.replicator_yaml-2.0.10] startup
[6.072s] [ext: omni.rtx.settings.core-0.6.3] startup
[6.087s] [ext: omni.usd.metrics.assembler.ui-106.5.0] startup
[6.100s] [ext: isaacsim.asset.browser-1.3.4] startup
[6.621s] [ext: isaacsim.gui.menu-2.0.9] startup
2025-07-03 08:28:07 [6,551ms] [Warning] [omni.kit.menu.utils.app_menu] add_menu_items: menu [<MenuItemDescription name:'New'>, <MenuItemDescription name:'Open'>, <MenuItemDescription name:'Re-open with New Edit Layer'>, <MenuItemDescription name:'Save'>, <MenuItemDescription name:'Save With Options'>, <MenuItemDescription name:'Save As...'>, <MenuItemDescription name:'Save Flattened As...'>, <MenuItemDescription name:'Add Reference'>, <MenuItemDescription name:'Add Payload'>, <MenuItemDescription name:'Exit'>] cannot change delegate
[6.635s] [ext: omni.kit.ui.actions-1.0.2] startup
[6.641s] [ext: omni.kit.window.console-0.2.14] startup
[6.653s] [ext: isaacsim.sensors.camera-0.2.9] startup
[6.665s] [ext: isaaclab-0.40.11] startup
[7.291s] [ext: isaaclab_assets-0.2.2] startup
[7.655s] [ext: isaaclab_tasks-0.10.36] startup
D:\miniconda3\envs\env_isaaclab\lib\site-packages\h5py\__init__.py:36: UserWarning: h5py is running against HDF5 1.14.4 when it was built against 1.14.6, this may cause problems
  _warn(("h5py is running against HDF5 {0} when it was built against {1}, "
[13.465s] [ext: omni.kit.menu.common-1.1.9] startup
[13.467s] [ext: isaaclab_rl-0.1.6] startup
[13.469s] [ext: isaaclab_mimic-1.0.7] startup
[13.471s] [ext: isaaclab.python-2.1.0] startup
[13.473s] Simulation App Starting
[13.979s] app ready
2025-07-03 08:28:15 [13,982ms] [Warning] [rtx.scenedb.plugin] SceneDbContext : TLAS limit buffer size 7374781440
2025-07-03 08:28:15 [13,982ms] [Warning] [rtx.scenedb.plugin] SceneDbContext : TLAS limit : valid false, within: false
2025-07-03 08:28:15 [13,982ms] [Warning] [rtx.scenedb.plugin] SceneDbContext : TLAS limit : decrement: 167690, decrement size: 7301033856
2025-07-03 08:28:15 [13,983ms] [Warning] [rtx.scenedb.plugin] SceneDbContext : New limit 9748724 (slope: 439, intercept: 13179904)
2025-07-03 08:28:15 [13,983ms] [Warning] [rtx.scenedb.plugin] SceneDbContext : TLAS limit buffer size 4287352704
2025-07-03 08:28:15 [13,983ms] [Warning] [rtx.scenedb.plugin] SceneDbContext : TLAS limit : valid true, within: true
2025-07-03 08:28:18 [16,754ms] [Warning] [omni.usd-abi.plugin] No setting was found for '/rtx-defaults-transient/meshlights/forceDisable'
[21.186s] Simulation App Startup Complete
[21.290s] [ext: omni.physx.fabric-106.5.7] startup
2025-07-03 08:28:24 [23,087ms] [Warning] [isaaclab.actuators.actuator_pd] The <ImplicitActuatorCfg> object has a value for 'effort_limit'. This parameter will be removed in the future. To set the effort limit, please use 'effort_limit_sim' instead.
2025-07-03 08:28:24 [23,088ms] [Warning] [isaaclab.actuators.actuator_pd] The <ImplicitActuatorCfg> object has a value for 'velocity_limit'. Previously, although this value was specified, it was not getting used by implicit actuators. Since this parameter affects the simulation behavior, we continue to not use it. This parameter will be removed in the future. To set the velocity limit, please use 'velocity_limit_sim' instead.
2025-07-03 08:28:24 [23,092ms] [Warning] [isaaclab.actuators.actuator_pd] The <ImplicitActuatorCfg> object has a value for 'effort_limit'. This parameter will be removed in the future. To set the effort limit, please use 'effort_limit_sim' instead.
2025-07-03 08:28:24 [23,092ms] [Warning] [isaaclab.actuators.actuator_pd] The <ImplicitActuatorCfg> object has a value for 'velocity_limit'. Previously, although this value was specified, it was not getting used by implicit actuators. Since this parameter affects the simulation behavior, we continue to not use it. This parameter will be removed in the future. To set the velocity limit, please use 'velocity_limit_sim' instead.
2025-07-03 08:28:24 [23,096ms] [Warning] [isaaclab.actuators.actuator_pd] The <ImplicitActuatorCfg> object has a value for 'effort_limit'. This parameter will be removed in the future. To set the effort limit, please use 'effort_limit_sim' instead.
2025-07-03 08:28:24 [23,096ms] [Warning] [isaaclab.actuators.actuator_pd] The <ImplicitActuatorCfg> object has a value for 'velocity_limit'. Previously, although this value was specified, it was not getting used by implicit actuators. Since this parameter affects the simulation behavior, we continue to not use it. This parameter will be removed in the future. To set the velocity limit, please use 'velocity_limit_sim' instead.
2025-07-03 08:28:26 [25,221ms] [Warning] [omni.hydra.scene_delegate.plugin] Calling getBypassRenderSkelMeshProcessing for prim /World/envs/env_0/H1/left_hip_yaw_link/visuals.proto__geom_3_id1 that has not been populated
[INFO]: 场景和仿真设置完成。
开始H1站立控制测试...
仿真结束。总时长: 5.00s
['left_hip_yaw', 'right_hip_yaw', 'torso', 'left_hip_roll', 'right_hip_roll', 'left_shoulder_pitch', 'right_shoulder_pitch', 'left_hip_pitch', 'right_hip_pitch', 'left_shoulder_roll', 'right_shoulder_roll', 'left_knee', 'right_knee', 'left_shoulder_yaw', 'right_shoulder_yaw', 'left_ankle', 'right_ankle', 'left_elbow', 'right_elbow'] ['pelvis', 'left_hip_yaw_link', 'right_hip_yaw_link', 'torso_link', 'left_hip_roll_link', 'right_hip_roll_link', 'left_shoulder_pitch_link', 'right_shoulder_pitch_link', 'left_hip_pitch_link', 'right_hip_pitch_link', 'left_shoulder_roll_link', 'right_shoulder_roll_link', 'left_knee_link', 'right_knee_link', 'left_shoulder_yaw_link', 'right_shoulder_yaw_link', 'left_ankle_link', 'right_ankle_link', 'left_elbow_link', 'right_elbow_link']
2025-07-03 08:29:36 [95,410ms] [Warning] [omni.graph.core.plugin] Could not find category 'Replicator:Annotators' for removal
2025-07-03 08:29:36 [95,410ms] [Warning] [omni.graph.core.plugin] Could not find category 'Replicator:Annotators' for removal
2025-07-03 08:29:36 [95,410ms] [Warning] [omni.graph.core.plugin] Could not find category 'Replicator:Annotators' for removal
2025-07-03 08:29:36 [95,411ms] [Warning] [omni.graph.core.plugin] Could not find category 'Replicator:Annotators' for removal
2025-07-03 08:29:36 [95,411ms] [Warning] [omni.graph.core.plugin] Could not find category 'Replicator:Annotators' for removal
2025-07-03 08:29:36 [95,411ms] [Warning] [omni.graph.core.plugin] Could not find category 'Replicator:Annotators' for removal
2025-07-03 08:29:36 [95,411ms] [Warning] [omni.graph.core.plugin] Could not find category 'Replicator:Annotators' for removal
2025-07-03 08:29:36 [95,411ms] [Warning] [omni.graph.core.plugin] Could not find category 'Replicator:Annotators' for removal
2025-07-03 08:29:36 [95,412ms] [Warning] [omni.graph.core.plugin] Could not find category 'Replicator:Annotators' for removal
2025-07-03 08:29:36 [95,412ms] [Warning] [omni.graph.core.plugin] Could not find category 'Replicator:Annotators' for removal
2025-07-03 08:29:36 [95,412ms] [Warning] [omni.graph.core.plugin] Could not find category 'Replicator:Annotators' for removal
2025-07-03 08:29:36 [95,412ms] [Warning] [omni.graph.core.plugin] Could not find category 'Replicator:Annotators' for removal
2025-07-03 08:29:36 [95,412ms] [Warning] [omni.graph.core.plugin] Could not find category 'Replicator:Core' for removal
2025-07-03 08:29:36 [95,413ms] [Warning] [omni.graph.core.plugin] Could not find category 'animation' for removal
2025-07-03 08:29:36 [95,548ms] [Warning] [omni.fabric.plugin] gFabricState->gUsdStageToSimStageWithHistoryMap had 1 outstanding SimStageWithHistory(s) at shutdown
2025-07-03 08:29:36 [95,550ms] [Warning] [carb.audio.context] 1 contexts were leaked
2025-07-03 08:29:36 [95,646ms] [Warning] [carb] Recursive unloadAllPlugins() detected!